2019-02-11 15:23:50 INFO  Main:11 - Info Task 5
2019-02-11 15:23:50 WARN  Main:12 - Warn Task 5
2019-02-11 15:23:50 DEBUG Main:13 - Debug Task 5
2019-02-11 15:23:50 ERROR Main:14 - Error Task 5
2019-02-11 15:23:50 FATAL Main:15 - Fatal Eror
2019-02-11 15:24:44 INFO  Main:11 - Info Task 5
2019-02-11 15:24:44 WARN  Main:12 - Warn Task 5
2019-02-11 15:24:44 DEBUG Main:13 - Debug Task 5
2019-02-11 15:24:44 ERROR Main:14 - Error Task 5
2019-02-11 15:24:44 FATAL Main:15 - Fatal Eror
2019-02-11 15:25:34 INFO  Main:11 - Info Task 5
2019-02-11 15:25:34 WARN  Main:12 - Warn Task 5
2019-02-11 15:25:34 DEBUG Main:13 - Debug Task 5
2019-02-11 15:25:34 ERROR Main:14 - Error Task 5
2019-02-11 15:25:34 FATAL Main:15 - Fatal Eror
2019-02-11 15:25:53 INFO  Main:11 - Info Task 5
2019-02-11 15:25:53 WARN  Main:12 - Warn Task 5
2019-02-11 15:25:53 DEBUG Main:13 - Debug Task 5
2019-02-11 15:25:53 ERROR Main:14 - Error Task 5
2019-02-11 15:25:53 FATAL Main:15 - Fatal Eror
2019-02-11 15:27:48 INFO  Main:11 - Info Task 5
2019-02-11 15:27:48 WARN  Main:12 - Warn Task 5
2019-02-11 15:27:48 DEBUG Main:13 - Debug Task 5
2019-02-11 15:27:48 ERROR Main:14 - Error Task 5
2019-02-11 15:27:48 FATAL Main:15 - Fatal Eror
2019-02-11 15:29:38 INFO  Main:11 - Info Task 5
2019-02-11 15:29:38 WARN  Main:12 - Warn Task 5
2019-02-11 15:29:38 DEBUG Main:13 - Debug Task 5
2019-02-11 15:29:38 ERROR Main:14 - Error Task 5
2019-02-11 15:29:38 FATAL Main:15 - Fatal Eror
2019-02-11 15:35:02 INFO  Main:11 - Info Task 5
2019-02-11 15:35:02 WARN  Main:12 - Warn Task 5
2019-02-11 15:35:02 DEBUG Main:13 - Debug Task 5
2019-02-11 15:35:02 ERROR Main:14 - Error Task 5
2019-02-11 15:35:02 FATAL Main:15 - Fatal Eror
2019-02-15 11:23:45 INFO  Main:11 - Info Task 5
2019-02-15 11:23:45 WARN  Main:12 - Warn Task 5
2019-02-15 11:23:45 DEBUG Main:13 - Debug Task 5
2019-02-15 11:23:45 ERROR Main:14 - Error Task 5
2019-02-15 11:23:45 FATAL Main:15 - Fatal Eror
2019-02-15 11:25:44 ERROR Main:14 - Error Task 5
2019-02-15 11:25:44 FATAL Main:15 - Fatal Eror
2019-02-15 12:04:40 INFO  Main:11 - Info Task 5
2019-02-15 12:04:40 WARN  Main:12 - Warn Task 5
2019-02-15 12:04:40 DEBUG Main:13 - Debug Task 5
2019-02-15 12:04:40 ERROR Main:14 - Error Task 5
2019-02-15 12:04:40 FATAL Main:15 - Fatal Eror
2019-02-15 12:36:43 INFO  Main:11 - Info Task 5
2019-02-15 12:36:43 WARN  Main:12 - Warn Task 5
2019-02-15 12:36:43 DEBUG Main:13 - Debug Task 5
2019-02-15 12:36:43 ERROR Main:14 - Error Task 5
2019-02-15 12:36:43 FATAL Main:15 - Fatal Eror
2019-02-15 12:37:14 INFO  Main:11 - Info Task 5
2019-02-15 12:37:14 WARN  Main:12 - Warn Task 5
2019-02-15 12:37:14 DEBUG Main:13 - Debug Task 5
2019-02-15 12:37:14 ERROR Main:14 - Error Task 5
2019-02-15 12:37:14 FATAL Main:15 - Fatal Eror
